{
  "RSpec": {
    "coverage": {
      "/Users/hugues/Developer/lbc/spec/controllers/fizzbuzz_controller_spec.rb": {
        "lines": [
          1,
          null,
          1,
          1,
          4,
          4,
          4,
          4,
          2,
          4,
          4,
          null,
          1,
          1,
          1,
          1,
          1,
          null,
          null,
          null,
          1,
          3,
          3,
          1,
          2,
          2,
          null,
          null,
          1,
          1,
          1,
          null,
          null,
          1,
          1,
          1,
          1,
          null,
          null,
          null,
          null
        ]
      },
      "/Users/hugues/Developer/lbc/spec/rails_helper.rb": {
        "lines": [
          null,
          1,
          1,
          1,
          1,
          1,
          null,
          1,
          1,
          null,
          null,
          null,
          null,
          null,
          null,
          null,
          null,
          null,
          null,
          null,
          null,
          null,
          null,
          2,
          null,
          null,
          null,
          1,
          null,
          0,
          null,
          1,
          null,
          null,
          null,
          1,
          null,
          null,
          null,
          null,
          null,
          null,
          null,
          null,
          null,
          null,
          null,
          null,
          null,
          null,
          null,
          null,
          null,
          null,
          null,
          1,
          null,
          1,
          null,
          null,
          null
        ]
      },
      "/Users/hugues/Developer/lbc/config/environment.rb": {
        "lines": [
          null,
          1,
          null,
          null,
          1
        ]
      },
      "/Users/hugues/Developer/lbc/config/application.rb": {
        "lines": [
          1,
          null,
          1,
          null,
          1,
          1,
          1,
          1,
          1,
          1,
          1,
          1,
          1,
          1,
          null,
          null,
          null,
          null,
          1,
          null,
          1,
          1,
          null,
          1,
          null,
          null,
          null,
          null,
          null,
          null,
          null,
          null,
          null,
          null,
          null,
          null,
          1,
          null,
          null
        ]
      },
      "/Users/hugues/Developer/lbc/config/boot.rb": {
        "lines": [
          1,
          null,
          1,
          1
        ]
      },
      "/Users/hugues/Developer/lbc/config/environments/test.rb": {
        "lines": [
          1,
          null,
          null,
          null,
          null,
          null,
          null,
          1,
          null,
          null,
          null,
          1,
          null,
          null,
          null,
          null,
          1,
          null,
          null,
          1,
          1,
          null,
          null,
          null,
          null,
          1,
          1,
          1,
          null,
          null,
          1,
          null,
          null,
          1,
          null,
          null,
          1,
          null,
          1,
          null,
          null,
          null,
          null,
          1,
          null,
          null,
          1,
          null,
          null,
          1,
          null,
          null,
          1,
          null,
          null,
          null,
          null,
          null,
          null,
          null
        ]
      },
      "/Users/hugues/Developer/lbc/config/initializers/cors.rb": {
        "lines": [
          null,
          null,
          null,
          null,
          null,
          null,
          null,
          null,
          null,
          null,
          null,
          null,
          null,
          null,
          null,
          null
        ]
      },
      "/Users/hugues/Developer/lbc/config/initializers/filter_parameter_logging.rb": {
        "lines": [
          null,
          null,
          null,
          null,
          null,
          1,
          null,
          null
        ]
      },
      "/Users/hugues/Developer/lbc/config/initializers/inflections.rb": {
        "lines": [
          null,
          null,
          null,
          null,
          null,
          null,
          null,
          null,
          null,
          null,
          null,
          null,
          null,
          null,
          null,
          null
        ]
      },
      "/Users/hugues/Developer/lbc/config/routes.rb": {
        "lines": [
          1,
          null,
          null,
          null,
          1,
          null
        ]
      },
      "/Users/hugues/Developer/lbc/spec/support/database_cleaner.rb": {
        "lines": [
          1,
          1,
          1,
          null,
          1,
          10,
          null,
          1,
          10,
          null,
          1,
          10,
          null,
          null
        ]
      },
      "/Users/hugues/Developer/lbc/spec/services/fizzbuzz_service_spec.rb": {
        "lines": [
          1,
          null,
          1,
          1,
          7,
          7,
          8,
          8,
          8,
          8,
          null,
          1,
          2,
          1,
          1,
          null,
          null,
          null,
          1,
          2,
          1,
          1,
          null,
          null,
          null,
          1,
          2,
          1,
          1,
          null,
          null,
          null,
          1,
          2,
          1,
          1,
          null,
          null,
          null,
          1,
          3,
          6,
          null,
          null,
          null,
          1,
          2,
          1,
          null,
          null,
          1,
          2,
          2,
          1,
          null,
          null,
          1,
          2,
          2,
          1,
          null,
          null,
          null
        ]
      },
      "/Users/hugues/Developer/lbc/app/services/fizzbuzz_service.rb": {
        "lines": [
          1,
          1,
          null,
          1,
          null,
          1,
          8,
          8,
          8,
          8,
          null,
          null,
          1,
          23,
          null,
          null,
          20,
          2,
          18,
          3,
          15,
          5,
          null,
          10,
          null,
          null,
          null
        ]
      },
      "/Users/hugues/Developer/lbc/app/controllers/fizzbuzz_controller.rb": {
        "lines": [
          1,
          1,
          23,
          3,
          null,
          null,
          1,
          null,
          1,
          20,
          null,
          null,
          1,
          3,
          9,
          3,
          null,
          null,
          null,
          null
        ]
      },
      "/Users/hugues/Developer/lbc/app/controllers/application_controller.rb": {
        "lines": [
          1,
          null
        ]
      }
    },
    "timestamp": 1680517270
  }
}
